#
# A fatal error has been detected by the Java Runtime Environment:
#
#  Internal Error (methodData.cpp:1025), pid=5884, tid=0x00000000000032b4
#  Error: ShouldNotReachHere()
#
# JRE version: Java(TM) SE Runtime Environment (8.0_161-b12) (build 1.8.0_161-b12)
# Java VM: Java HotSpot(TM) 64-Bit Server VM (25.161-b12 mixed mode windows-amd64 compressed oops)
# Failed to write core dump. Minidumps are not enabled by default on client versions of Windows
#
# If you would like to submit a bug report, please visit:
#   http://bugreport.java.com/bugreport/crash.jsp
#

---------------  T H R E A D  ---------------

Current thread (0x0000000017bc7800):  VMThread [stack: 0x0000000018c50000,0x0000000018d50000] [id=12980]

Stack: [0x0000000018c50000,0x0000000018d50000]
[error occurred during error reporting (printing stack bounds), id 0xc0000005]

Native frames: (J=compiled Java code, j=interpreted, Vv=VM code, C=native code)

VM_Operation (0x0000000027e6ed80): ParallelGCSystemGC, mode: safepoint, requested by thread 0x000000001f3ee000


---------------  P R O C E S S  ---------------

Java Threads: ( => current thread )
  0x000000001f3ee000 JavaThread "Thread-10" [_thread_blocked, id=13644, stack(0x0000000027d70000,0x0000000027e70000)]
  0x000000001f3ef000 JavaThread "http-nio-8080-Acceptor" daemon [_thread_blocked, id=14036, stack(0x0000000026f70000,0x0000000027070000)]
  0x000000001d24a800 JavaThread "Catalina-utility-2" [_thread_blocked, id=11448, stack(0x0000000024ea0000,0x0000000024fa0000)]
  0x000000001d249800 JavaThread "Catalina-utility-1" [_thread_blocked, id=5912, stack(0x0000000024da0000,0x0000000024ea0000)]
  0x000000001d248000 JavaThread "DestroyJavaVM" [_thread_blocked, id=15992, stack(0x0000000002de0000,0x0000000002ee0000)]
  0x000000001f3ec000 JavaThread "Live Reload Server" daemon [_thread_in_native, id=16896, stack(0x0000000022670000,0x0000000022770000)]
  0x000000001958b800 JavaThread "Service Thread" daemon [_thread_blocked, id=18356, stack(0x0000000019950000,0x0000000019a50000)]
  0x0000000017c18000 JavaThread "C1 CompilerThread2" daemon [_thread_blocked, id=17012, stack(0x0000000019450000,0x0000000019550000)]
  0x0000000017c08000 JavaThread "C2 CompilerThread1" daemon [_thread_blocked, id=11356, stack(0x0000000019350000,0x0000000019450000)]
  0x0000000017c05000 JavaThread "C2 CompilerThread0" daemon [_thread_blocked, id=17832, stack(0x0000000019250000,0x0000000019350000)]
  0x0000000017c04000 JavaThread "Attach Listener" daemon [_thread_blocked, id=15428, stack(0x0000000019150000,0x0000000019250000)]
  0x0000000017c02800 JavaThread "Signal Dispatcher" daemon [_thread_blocked, id=10396, stack(0x0000000019050000,0x0000000019150000)]
  0x0000000017bec800 JavaThread "Finalizer" daemon [_thread_blocked, id=15420, stack(0x0000000018e50000,0x0000000018f50000)]
  0x0000000003094000 JavaThread "Reference Handler" daemon [_thread_blocked, id=15512, stack(0x0000000018d50000,0x0000000018e50000)]

Other Threads:
=>0x0000000017bc7800 VMThread [stack: 0x0000000018c50000,0x0000000018d50000] [id=12980]
  0x00000000195b4800 WatcherThread [stack: 0x0000000019a50000,0x0000000019b50000] [id=5160]

VM state:at safepoint (normal execution)

VM Mutex/Monitor currently owned by a thread:  ([mutex/lock_event])
[0x0000000002fa1a50] Threads_lock - owner thread: 0x0000000017bc7800
[0x0000000002fa2250] Heap_lock - owner thread: 0x000000001f3ee000

Heap:
 PSYoungGen      total 438272K, used 160K [0x00000000d5d00000, 0x00000000f1d80000, 0x0000000100000000)
  eden space 418816K, 0% used [0x00000000d5d00000,0x00000000d5d00000,0x00000000ef600000)
  from space 19456K, 0% used [0x00000000f0980000,0x00000000f09a8000,0x00000000f1c80000)
  to   space 19968K, 0% used [0x00000000ef600000,0x00000000ef600000,0x00000000f0980000)
 ParOldGen       total 98816K, used 39314K [0x0000000081600000, 0x0000000087680000, 0x00000000d5d00000)
  object space 98816K, 39% used [0x0000000081600000,0x0000000083c64b80,0x0000000087680000)
 Metaspace       used 71596K, capacity 75114K, committed 75304K, reserved 1114112K
  class space    used 9572K, capacity 10196K, committed 10280K, reserved 1048576K

Card table byte_map: [0x0000000012460000,0x0000000012860000] byte_map_base: 0x0000000012055000

Marking Bits: (ParMarkBitMap*) 0x000000006f13f860
 Begin Bits: [0x0000000012f10000, 0x0000000014eb8000)
 End Bits:   [0x0000000014eb8000, 0x0000000016e60000)

Polling page: 0x0000000001160000

CodeCache: size=245760Kb used=25151Kb max_used=25167Kb free=220608Kb
 bounds [0x00000000030a0000, 0x0000000004960000, 0x00000000120a0000]
 total_blobs=8554 nmethods=7941 adapters=524
 compilation: enabled

Compilation events (10 events):
Event: 49647.799 Thread 0x0000000017c18000 9362       3       java.io.ObjectOutputStream$BlockDataOutputStream::writeBytes (144 bytes)
Event: 49647.800 Thread 0x0000000017c18000 nmethod 9362 0x00000000049421d0 code [0x00000000049423a0, 0x0000000004942af8]
Event: 49647.801 Thread 0x0000000017c18000 9359       3       java.io.ObjectOutputStream$BlockDataOutputStream::writeByte (33 bytes)
Event: 49647.801 Thread 0x0000000017c18000 nmethod 9359 0x0000000004941d10 code [0x0000000004941e80, 0x00000000049420a8]
Event: 49647.802 Thread 0x0000000017c18000 9361       3       java.io.ObjectStreamClass$Caches::access$200 (4 bytes)
Event: 49647.802 Thread 0x0000000017c18000 nmethod 9361 0x00000000043d5050 code [0x00000000043d51a0, 0x00000000043d52d0]
Event: 49647.804 Thread 0x0000000017c18000 9357       3       java.io.ObjectOutputStream$HandleTable::insert (39 bytes)
Event: 49647.804 Thread 0x0000000017c18000 nmethod 9357 0x0000000004941550 code [0x00000000049416e0, 0x0000000004941aa8]
Event: 49647.804 Thread 0x0000000017c18000 9358       3       java.io.ObjectStreamClass::forClass (52 bytes)
Event: 49647.807 Thread 0x0000000017c18000 nmethod 9358 0x00000000048854d0 code [0x0000000004885820, 0x0000000004887508]

GC Heap History (10 events):
Event: 14.115 GC heap after
Heap after GC invocations=14 (full 3):
 PSYoungGen      total 239616K, used 0K [0x00000000d5d00000, 0x00000000ebb00000, 0x0000000100000000)
  eden space 221696K, 0% used [0x00000000d5d00000,0x00000000d5d00000,0x00000000e3580000)
  from space 17920K, 0% used [0x00000000e3580000,0x00000000e3580000,0x00000000e4700000)
  to   space 18944K, 0% used [0x00000000ea880000,0x00000000ea880000,0x00000000ebb00000)
 ParOldGen       total 98816K, used 25748K [0x0000000081600000, 0x0000000087680000, 0x00000000d5d00000)
  object space 98816K, 26% used [0x0000000081600000,0x0000000082f25000,0x0000000087680000)
 Metaspace       used 56563K, capacity 59044K, committed 59160K, reserved 1099776K
  class space    used 7845K, capacity 8265K, committed 8360K, reserved 1048576K
}
Event: 275.424 GC heap before
{Heap before GC invocations=15 (full 3):
 PSYoungGen      total 239616K, used 208009K [0x00000000d5d00000, 0x00000000ebb00000, 0x0000000100000000)
  eden space 221696K, 93% used [0x00000000d5d00000,0x00000000e28227f0,0x00000000e3580000)
  from space 17920K, 0% used [0x00000000e3580000,0x00000000e3580000,0x00000000e4700000)
  to   space 18944K, 0% used [0x00000000ea880000,0x00000000ea880000,0x00000000ebb00000)
 ParOldGen       total 98816K, used 25748K [0x0000000081600000, 0x0000000087680000, 0x00000000d5d00000)
  object space 98816K, 26% used [0x0000000081600000,0x0000000082f25000,0x0000000087680000)
 Metaspace       used 69853K, capacity 73136K, committed 73384K, reserved 1112064K
  class space    used 9491K, capacity 10080K, committed 10152K, reserved 1048576K
Event: 275.450 GC heap after
Heap after GC invocations=15 (full 3):
 PSYoungGen      total 325632K, used 16172K [0x00000000d5d00000, 0x00000000eb880000, 0x0000000100000000)
  eden space 309248K, 0% used [0x00000000d5d00000,0x00000000d5d00000,0x00000000e8b00000)
  from space 16384K, 98% used [0x00000000ea880000,0x00000000eb84b1b8,0x00000000eb880000)
  to   space 20480K, 0% used [0x00000000e9080000,0x00000000e9080000,0x00000000ea480000)
 ParOldGen       total 98816K, used 25764K [0x0000000081600000, 0x0000000087680000, 0x00000000d5d00000)
  object space 98816K, 26% used [0x0000000081600000,0x0000000082f29000,0x0000000087680000)
 Metaspace       used 69853K, capacity 73136K, committed 73384K, reserved 1112064K
  class space    used 9491K, capacity 10080K, committed 10152K, reserved 1048576K
}
Event: 275.450 GC heap before
{Heap before GC invocations=16 (full 4):
 PSYoungGen      total 325632K, used 16172K [0x00000000d5d00000, 0x00000000eb880000, 0x0000000100000000)
  eden space 309248K, 0% used [0x00000000d5d00000,0x00000000d5d00000,0x00000000e8b00000)
  from space 16384K, 98% used [0x00000000ea880000,0x00000000eb84b1b8,0x00000000eb880000)
  to   space 20480K, 0% used [0x00000000e9080000,0x00000000e9080000,0x00000000ea480000)
 ParOldGen       total 98816K, used 25764K [0x0000000081600000, 0x0000000087680000, 0x00000000d5d00000)
  object space 98816K, 26% used [0x0000000081600000,0x0000000082f29000,0x0000000087680000)
 Metaspace       used 69853K, capacity 73136K, committed 73384K, reserved 1112064K
  class space    used 9491K, capacity 10080K, committed 10152K, reserved 1048576K
Event: 275.732 GC heap after
Heap after GC invocations=16 (full 4):
 PSYoungGen      total 325632K, used 0K [0x00000000d5d00000, 0x00000000eb880000, 0x0000000100000000)
  eden space 309248K, 0% used [0x00000000d5d00000,0x00000000d5d00000,0x00000000e8b00000)
  from space 16384K, 0% used [0x00000000ea880000,0x00000000ea880000,0x00000000eb880000)
  to   space 20480K, 0% used [0x00000000e9080000,0x00000000e9080000,0x00000000ea480000)
 ParOldGen       total 98816K, used 33443K [0x0000000081600000, 0x0000000087680000, 0x00000000d5d00000)
  object space 98816K, 33% used [0x0000000081600000,0x00000000836a8ce8,0x0000000087680000)
 Metaspace       used 69853K, capacity 73136K, committed 73384K, reserved 1112064K
  class space    used 9491K, capacity 10080K, committed 10152K, reserved 1048576K
}
Event: 14664.087 GC heap before
{Heap before GC invocations=17 (full 4):
 PSYoungGen      total 325632K, used 309248K [0x00000000d5d00000, 0x00000000eb880000, 0x0000000100000000)
  eden space 309248K, 100% used [0x00000000d5d00000,0x00000000e8b00000,0x00000000e8b00000)
  from space 16384K, 0% used [0x00000000ea880000,0x00000000ea880000,0x00000000eb880000)
  to   space 20480K, 0% used [0x00000000e9080000,0x00000000e9080000,0x00000000ea480000)
 ParOldGen       total 98816K, used 33443K [0x0000000081600000, 0x0000000087680000, 0x00000000d5d00000)
  object space 98816K, 33% used [0x0000000081600000,0x00000000836a8ce8,0x0000000087680000)
 Metaspace       used 71395K, capacity 74828K, committed 75048K, reserved 1114112K
  class space    used 9568K, capacity 10190K, committed 10280K, reserved 1048576K
Event: 14664.118 GC heap after
Heap after GC invocations=17 (full 4):
 PSYoungGen      total 335360K, used 8815K [0x00000000d5d00000, 0x00000000f1c80000, 0x0000000100000000)
  eden space 314880K, 0% used [0x00000000d5d00000,0x00000000d5d00000,0x00000000e9080000)
  from space 20480K, 43% used [0x00000000e9080000,0x00000000e991bd18,0x00000000ea480000)
  to   space 19456K, 0% used [0x00000000f0980000,0x00000000f0980000,0x00000000f1c80000)
 ParOldGen       total 98816K, used 33451K [0x0000000081600000, 0x0000000087680000, 0x00000000d5d00000)
  object space 98816K, 33% used [0x0000000081600000,0x00000000836aace8,0x0000000087680000)
 Metaspace       used 71395K, capacity 74828K, committed 75048K, reserved 1114112K
  class space    used 9568K, capacity 10190K, committed 10280K, reserved 1048576K
}
Event: 49647.830 GC heap before
{Heap before GC invocations=18 (full 4):
 PSYoungGen      total 335360K, used 271091K [0x00000000d5d00000, 0x00000000f1c80000, 0x0000000100000000)
  eden space 314880K, 83% used [0x00000000d5d00000,0x00000000e5d21080,0x00000000e9080000)
  from space 20480K, 43% used [0x00000000e9080000,0x00000000e991bd18,0x00000000ea480000)
  to   space 19456K, 0% used [0x00000000f0980000,0x00000000f0980000,0x00000000f1c80000)
 ParOldGen       total 98816K, used 33451K [0x0000000081600000, 0x0000000087680000, 0x00000000d5d00000)
  object space 98816K, 33% used [0x0000000081600000,0x00000000836aace8,0x0000000087680000)
 Metaspace       used 71596K, capacity 75114K, committed 75304K, reserved 1114112K
  class space    used 9572K, capacity 10196K, committed 10280K, reserved 1048576K
Event: 49647.841 GC heap after
Heap after GC invocations=18 (full 4):
 PSYoungGen      total 438272K, used 160K [0x00000000d5d00000, 0x00000000f1d80000, 0x0000000100000000)
  eden space 418816K, 0% used [0x00000000d5d00000,0x00000000d5d00000,0x00000000ef600000)
  from space 19456K, 0% used [0x00000000f0980000,0x00000000f09a8000,0x00000000f1c80000)
  to   space 19968K, 0% used [0x00000000ef600000,0x00000000ef600000,0x00000000f0980000)
 ParOldGen       total 98816K, used 39314K [0x0000000081600000, 0x0000000087680000, 0x00000000d5d00000)
  object space 98816K, 39% used [0x0000000081600000,0x0000000083c64b80,0x0000000087680000)
 Metaspace       used 71596K, capacity 75114K, committed 75304K, reserved 1114112K
  class space    used 9572K, capacity 10196K, committed 10280K, reserved 1048576K
}
Event: 49647.841 GC heap before
{Heap before GC invocations=19 (full 5):
 PSYoungGen      total 438272K, used 160K [0x00000000d5d00000, 0x00000000f1d80000, 0x0000000100000000)
  eden space 418816K, 0% used [0x00000000d5d00000,0x00000000d5d00000,0x00000000ef600000)
  from space 19456K, 0% used [0x00000000f0980000,0x00000000f09a8000,0x00000000f1c80000)
  to   space 19968K, 0% used [0x00000000ef600000,0x00000000ef600000,0x00000000f0980000)
 ParOldGen       total 98816K, used 39314K [0x0000000081600000, 0x0000000087680000, 0x00000000d5d00000)
  object space 98816K, 39% used [0x0000000081600000,0x0000000083c64b80,0x0000000087680000)
 Metaspace       used 71596K, capacity 75114K, committed 75304K, reserved 1114112K
  class space    used 9572K, capacity 10196K, committed 10280K, reserved 1048576K

Deoptimization events (10 events):
Event: 297.945 Thread 0x000000001d255800 Uncommon trap: reason=unstable_if action=reinterpret pc=0x000000000394981c method=java.util.regex.Pattern$LastNode.match(Ljava/util/regex/Matcher;ILjava/lang/CharSequence;)Z @ 13
Event: 304.341 Thread 0x000000001d256800 Uncommon trap: reason=unstable_if action=reinterpret pc=0x00000000032999b8 method=com.fasterxml.jackson.core.json.JsonWriteContext.writeValue()I @ 39
Event: 304.348 Thread 0x000000001d256800 Uncommon trap: reason=unstable_if action=reinterpret pc=0x00000000036eb374 method=com.fasterxml.jackson.core.io.SerializedString.appendQuotedUTF8([BI)I @ 6
Event: 304.348 Thread 0x000000001d256800 Uncommon trap: reason=unstable_if action=reinterpret pc=0x00000000034bab9c method=com.fasterxml.jackson.core.io.SerializedString.appendQuotedUTF8([BI)I @ 6
Event: 304.348 Thread 0x000000001d256800 Uncommon trap: reason=unstable_if action=reinterpret pc=0x0000000003cbcf08 method=com.fasterxml.jackson.core.io.SerializedString.appendQuotedUTF8([BI)I @ 6
Event: 14236.440 Thread 0x000000001d24a800 Uncommon trap: reason=unstable_if action=reinterpret pc=0x0000000004882fec method=java.util.concurrent.locks.AbstractQueuedSynchronizer.findNodeFromTail(Ljava/util/concurrent/locks/AbstractQueuedSynchronizer$Node;)Z @ 7
Event: 14638.969 Thread 0x000000001d249800 Uncommon trap: reason=unstable_if action=reinterpret pc=0x000000000487d230 method=java.util.concurrent.locks.AbstractQueuedSynchronizer.findNodeFromTail(Ljava/util/concurrent/locks/AbstractQueuedSynchronizer$Node;)Z @ 7
Event: 48682.913 Thread 0x000000001d24c000 Uncommon trap: reason=unstable_if action=reinterpret pc=0x0000000004485074 method=org.springframework.util.ConcurrentReferenceHashMap$1.execute(Lorg/springframework/util/ConcurrentReferenceHashMap$Reference;Lorg/springframework/util/ConcurrentReferenceHas
Event: 48819.968 Thread 0x000000001d24a800 Uncommon trap: reason=unstable_if action=reinterpret pc=0x0000000003dd62e0 method=java.util.concurrent.ScheduledThreadPoolExecutor$ScheduledFutureTask.compareTo(Ljava/util/concurrent/Delayed;)I @ 40
Event: 48878.969 Thread 0x000000001d24a800 Uncommon trap: reason=unstable_if action=reinterpret pc=0x000000000486fae8 method=java.util.concurrent.ScheduledThreadPoolExecutor$ScheduledFutureTask.compareTo(Ljava/util/concurrent/Delayed;)I @ 40

Classes redefined (0 events):
No events

Internal exceptions (10 events):
Event: 304.434 Thread 0x000000001d256800 StackOverflowError at 0x000000000422a6e0
Event: 304.434 Thread 0x000000001d256800 Exception <a 'java/lang/StackOverflowError'> (0x00000000e3816158) thrown at [C:\re\workspace\8-2-build-windows-amd64-cygwin\jdk8u161\10277\hotspot\src\share\vm\runtime\sharedRuntime.cpp, line 605]
Event: 304.434 Thread 0x000000001d256800 StackOverflowError at 0x0000000003bdf940
Event: 304.434 Thread 0x000000001d256800 Exception <a 'java/lang/StackOverflowError'> (0x00000000e3819ea8) thrown at [C:\re\workspace\8-2-build-windows-amd64-cygwin\jdk8u161\10277\hotspot\src\share\vm\runtime\sharedRuntime.cpp, line 605]
Event: 48682.910 Thread 0x000000001d24c000 StackOverflowError at 0x000000000484cde0
Event: 48682.910 Thread 0x000000001d24c000 Exception <a 'java/lang/StackOverflowError'> (0x00000000dd07a920) thrown at [C:\re\workspace\8-2-build-windows-amd64-cygwin\jdk8u161\10277\hotspot\src\share\vm\runtime\sharedRuntime.cpp, line 605]
Event: 48682.911 Thread 0x000000001d24c000 Exception <a 'java/lang/StackOverflowError'> (0x00000000dd07e670) thrown at [C:\re\workspace\8-2-build-windows-amd64-cygwin\jdk8u161\10277\hotspot\src\share\vm\interpreter\interpreterRuntime.cpp, line 323]
Event: 48701.368 Thread 0x000000001d255800 StackOverflowError at 0x0000000003a4ab80
Event: 48701.368 Thread 0x000000001d255800 Exception <a 'java/lang/StackOverflowError'> (0x00000000de6d1d28) thrown at [C:\re\workspace\8-2-build-windows-amd64-cygwin\jdk8u161\10277\hotspot\src\share\vm\runtime\sharedRuntime.cpp, line 605]
Event: 49647.828 Thread 0x000000001d24b000 Exception <a 'java/lang/InterruptedException': sleep interrupted> (0x00000000e5b97728) thrown at [C:\re\workspace\8-2-build-windows-amd64-cygwin\jdk8u161\10277\hotspot\src\share\vm\prims\jvm.cpp, line 3228]

Events (10 events):
Event: 49647.828 Executing VM operation: RevokeBias
Event: 49647.828 Executing VM operation: RevokeBias done
Event: 49647.828 Executing VM operation: RevokeBias
Event: 49647.828 Executing VM operation: RevokeBias done
Event: 49647.828 Executing VM operation: RevokeBias
Event: 49647.828 Executing VM operation: RevokeBias done
Event: 49647.828 Thread 0x000000001d24b000 Thread exited: 0x000000001d24b000
Event: 49647.828 Executing VM operation: RevokeBias
Event: 49647.828 Executing VM operation: RevokeBias done
Event: 49647.829 Executing VM operation: ParallelGCSystemGC


Dynamic libraries:
0x00007ff7afcf0000 - 0x00007ff7afd27000 	C:\Program Files\Java\jre1.8.0_161\bin\javaw.exe
0x00007ffe7fd70000 - 0x00007ffe7ff5d000 	C:\WINDOWS\SYSTEM32\ntdll.dll
0x00007ffe7f690000 - 0x00007ffe7f743000 	C:\WINDOWS\System32\KERNEL32.DLL
0x00007ffe7bf30000 - 0x00007ffe7c1c3000 	C:\WINDOWS\System32\KERNELBASE.dll
0x00007ffe7dd50000 - 0x00007ffe7ddf3000 	C:\WINDOWS\System32\ADVAPI32.dll
0x00007ffe7d030000 - 0x00007ffe7d0ce000 	C:\WINDOWS\System32\msvcrt.dll
0x00007ffe7f590000 - 0x00007ffe7f62e000 	C:\WINDOWS\System32\sechost.dll
0x00007ffe7f750000 - 0x00007ffe7f872000 	C:\WINDOWS\System32\RPCRT4.dll
0x00007ffe7f880000 - 0x00007ffe7fa17000 	C:\WINDOWS\System32\USER32.dll
0x00007ffe7bf10000 - 0x00007ffe7bf30000 	C:\WINDOWS\System32\win32u.dll
0x00007ffe7fa90000 - 0x00007ffe7fab9000 	C:\WINDOWS\System32\GDI32.dll
0x00007ffe7ce80000 - 0x00007ffe7d019000 	C:\WINDOWS\System32\gdi32full.dll
0x00007ffe7cd10000 - 0x00007ffe7cdb0000 	C:\WINDOWS\System32\msvcp_win.dll
0x00007ffe7c230000 - 0x00007ffe7c32a000 	C:\WINDOWS\System32\ucrtbase.dll
0x00007ffe6fea0000 - 0x00007ffe70119000 	C:\WINDOWS\WinSxS\amd64_microsoft.windows.common-controls_6595b64144ccf1df_6.0.17763.678_none_05b74150071d72bf\COMCTL32.dll
0x00007ffe7d840000 - 0x00007ffe7db6c000 	C:\WINDOWS\System32\combase.dll
0x00007ffe7c330000 - 0x00007ffe7c3ae000 	C:\WINDOWS\System32\bcryptPrimitives.dll
0x00007ffe7d5c0000 - 0x00007ffe7d5ee000 	C:\WINDOWS\System32\IMM32.DLL
0x000000006e770000 - 0x000000006e842000 	C:\Program Files\Java\jre1.8.0_161\bin\msvcr100.dll
0x000000006e920000 - 0x000000006f1bf000 	C:\Program Files\Java\jre1.8.0_161\bin\server\jvm.dll
0x00007ffe7f310000 - 0x00007ffe7f318000 	C:\WINDOWS\System32\PSAPI.DLL
0x00007ffe78c30000 - 0x00007ffe78c54000 	C:\WINDOWS\SYSTEM32\WINMM.dll
0x00007ffe72920000 - 0x00007ffe72929000 	C:\WINDOWS\SYSTEM32\WSOCK32.dll
0x00007ffe709a0000 - 0x00007ffe709aa000 	C:\WINDOWS\SYSTEM32\VERSION.dll
0x00007ffe7fa20000 - 0x00007ffe7fa8d000 	C:\WINDOWS\System32\WS2_32.dll
0x00007ffe78c00000 - 0x00007ffe78c2d000 	C:\WINDOWS\SYSTEM32\winmmbase.dll
0x00007ffe7bec0000 - 0x00007ffe7bf0a000 	C:\WINDOWS\System32\cfgmgr32.dll
0x000000006e910000 - 0x000000006e91f000 	C:\Program Files\Java\jre1.8.0_161\bin\verify.dll
0x000000006e8e0000 - 0x000000006e909000 	C:\Program Files\Java\jre1.8.0_161\bin\java.dll
0x000000006e8c0000 - 0x000000006e8d6000 	C:\Program Files\Java\jre1.8.0_161\bin\zip.dll
0x00007ffe7de00000 - 0x00007ffe7f2f0000 	C:\WINDOWS\System32\SHELL32.dll
0x00007ffe7dca0000 - 0x00007ffe7dd48000 	C:\WINDOWS\System32\shcore.dll
0x00007ffe7c3b0000 - 0x00007ffe7cafa000 	C:\WINDOWS\System32\windows.storage.dll
0x00007ffe7be50000 - 0x00007ffe7be74000 	C:\WINDOWS\System32\profapi.dll
0x00007ffe7bdf0000 - 0x00007ffe7be4d000 	C:\WINDOWS\System32\powrprof.dll
0x00007ffe7d550000 - 0x00007ffe7d5a2000 	C:\WINDOWS\System32\shlwapi.dll
0x00007ffe7bea0000 - 0x00007ffe7beb1000 	C:\WINDOWS\System32\kernel.appcore.dll
0x00007ffe7cdb0000 - 0x00007ffe7cdc7000 	C:\WINDOWS\System32\cryptsp.dll
0x000000006e760000 - 0x000000006e76d000 	C:\Program Files\Java\jre1.8.0_161\bin\management.dll
0x000000006e8a0000 - 0x000000006e8ba000 	C:\Program Files\Java\jre1.8.0_161\bin\net.dll
0x00007ffe7b600000 - 0x00007ffe7b667000 	C:\WINDOWS\system32\mswsock.dll
0x00007ffe6a780000 - 0x00007ffe6a796000 	C:\WINDOWS\system32\napinsp.dll
0x00007ffe6a6a0000 - 0x00007ffe6a6ba000 	C:\WINDOWS\system32\pnrpnsp.dll
0x00007ffe7b370000 - 0x00007ffe7b436000 	C:\WINDOWS\SYSTEM32\DNSAPI.dll
0x00007ffe7d5b0000 - 0x00007ffe7d5b8000 	C:\WINDOWS\System32\NSI.dll
0x00007ffe7b320000 - 0x00007ffe7b35d000 	C:\WINDOWS\SYSTEM32\IPHLPAPI.DLL
0x00007ffe6a690000 - 0x00007ffe6a69e000 	C:\WINDOWS\System32\winrnr.dll
0x00007ffe78470000 - 0x00007ffe7848b000 	C:\WINDOWS\system32\NLAapi.dll
0x00007ffe73520000 - 0x00007ffe73535000 	C:\WINDOWS\system32\wshbth.dll
0x00007ffe6e7f0000 - 0x00007ffe6e7fa000 	C:\Windows\System32\rasadhlp.dll
0x00007ffe6ea40000 - 0x00007ffe6eab9000 	C:\WINDOWS\System32\fwpuclnt.dll
0x00007ffe7cce0000 - 0x00007ffe7cd06000 	C:\WINDOWS\System32\bcrypt.dll
0x000000006e880000 - 0x000000006e891000 	C:\Program Files\Java\jre1.8.0_161\bin\nio.dll
0x00007ffe7b180000 - 0x00007ffe7b1b3000 	C:\WINDOWS\system32\rsaenh.dll
0x00007ffe7bcf0000 - 0x00007ffe7bd18000 	C:\WINDOWS\SYSTEM32\USERENV.dll
0x00007ffe7b7d0000 - 0x00007ffe7b7dc000 	C:\WINDOWS\SYSTEM32\CRYPTBASE.dll
0x00007ffe73610000 - 0x00007ffe73626000 	C:\WINDOWS\SYSTEM32\dhcpcsvc6.DLL
0x00007ffe75720000 - 0x00007ffe7573c000 	C:\WINDOWS\SYSTEM32\dhcpcsvc.DLL
0x000000006e850000 - 0x000000006e874000 	C:\Program Files\Java\jre1.8.0_161\bin\sunec.dll
0x000000006e750000 - 0x000000006e75b000 	C:\Program Files\Java\jre1.8.0_161\bin\sunmscapi.dll
0x00007ffe7cb00000 - 0x00007ffe7ccdb000 	C:\WINDOWS\System32\CRYPT32.dll
0x00007ffe7be80000 - 0x00007ffe7be92000 	C:\WINDOWS\System32\MSASN1.dll

VM Arguments:
jvm_args: -Dfile.encoding=UTF-8 
java_command: com.var.var.VarApplication
java_class_path (initial): C:\Users\Abridge Solutions\Desktop\var\var\target\classes;C:\Users\Abridge Solutions\.m2\repository\org\springframework\boot\spring-boot-starter-data-jpa\2.1.7.RELEASE\spring-boot-starter-data-jpa-2.1.7.RELEASE.jar;C:\Users\Abridge Solutions\.m2\repository\org\springframework\boot\spring-boot-starter-aop\2.1.7.RELEASE\spring-boot-starter-aop-2.1.7.RELEASE.jar;C:\Users\Abridge Solutions\.m2\repository\org\aspectj\aspectjweaver\1.9.4\aspectjweaver-1.9.4.jar;C:\Users\Abridge Solutions\.m2\repository\javax\transaction\javax.transaction-api\1.3\javax.transaction-api-1.3.jar;C:\Users\Abridge Solutions\.m2\repository\javax\xml\bind\jaxb-api\2.3.1\jaxb-api-2.3.1.jar;C:\Users\Abridge Solutions\.m2\repository\javax\activation\javax.activation-api\1.2.0\javax.activation-api-1.2.0.jar;C:\Users\Abridge Solutions\.m2\repository\org\hibernate\hibernate-core\5.3.10.Final\hibernate-core-5.3.10.Final.jar;C:\Users\Abridge Solutions\.m2\repository\org\jboss\logging\jboss-logging\3.3.2.Final\jboss-logging-3.3.2.Final.jar;C:\Users\Abridge Solutions\.m2\repository\javax\persistence\javax.persistence-api\2.2\javax.persistence-api-2.2.jar;C:\Users\Abridge Solutions\.m2\repository\org\javassist\javassist\3.23.2-GA\javassist-3.23.2-GA.jar;C:\Users\Abridge Solutions\.m2\repository\net\bytebuddy\byte-buddy\1.9.16\byte-buddy-1.9.16.jar;C:\Users\Abridge Solutions\.m2\repository\antlr\antlr\2.7.7\antlr-2.7.7.jar;C:\Users\Abridge Solutions\.m2\repository\org\jboss\jandex\2.0.5.Final\jandex-2.0.5.Final.jar;C:\Users\Abridge Solutions\.m2\repository\com\fasterxml\classmate\1.4.0\classmate-1.4.0.jar;C:\Users\Abridge Solutions\.m2\repository\org\dom4j\dom4j\2.1.1\dom4j-2.1.1.jar;C:\Users\Abridge Solutions\.m2\repository\org\hibernate\common\hibernate-commons-annotations\5.0.4.Final\hibernate-commons-annotations-5.0.4.Final.jar;C:\Users\Abridge Solutions\.m2\repository\org\springframework\data\spring-data-jpa\2.1.10.RELEASE\spring-data-jpa-2.1.10.RELEASE.jar;C:\Users\Abridge 
Launcher Type: SUN_STANDARD

Environment Variables:
PATH=C:/Program Files/Java/jre1.8.0_161/bin/server;C:/Program Files/Java/jre1.8.0_161/bin;C:/Program Files/Java/jre1.8.0_161/lib/amd64;C:\ProgramData\Oracle\Java\javapath;C:\WINDOWS\system32;C:\WINDOWS;C:\WINDOWS\System32\Wbem;C:\WINDOWS\System32\WindowsPowerShell\v1.0\;C:\WINDOWS\System32\OpenSSH\;C:\Program Files\nodejs\;C:\Program Files\Microsoft VS Code\bin;C:\Users\Abridge Solutions\AppData\Local\Microsoft\WindowsApps;C:\Users\Abridge Solutions\AppData\Roaming\npm;C:\Users\Abridge Solutions\Desktop;
USERNAME=Abridge Solutions
OS=Windows_NT
PROCESSOR_IDENTIFIER=Intel64 Family 6 Model 61 Stepping 4, GenuineIntel



---------------  S Y S T E M  ---------------

OS: Windows 10.0 , 64 bit Build 17763 (10.0.17763.475)

CPU:total 4 (initial active 4) (2 cores per cpu, 2 threads per core) family 6 model 61 stepping 4, cmov, cx8, fxsr, mmx, sse, sse2, sse3, ssse3, sse4.1, sse4.2, popcnt, avx, avx2, aes, clmul, erms, 3dnowpref, lzcnt, ht, tsc, tscinvbit, bmi1, bmi2, adx

Memory: 4k page, physical 8291336k(1731620k free), swap 17918084k(2753492k free)

vm_info: Java HotSpot(TM) 64-Bit Server VM (25.161-b12) for windows-amd64 JRE (1.8.0_161-b12), built on Dec 19 2017 17:52:25 by "java_re" with MS VC++ 10.0 (VS2010)

time: Thu Sep 12 07:17:58 2019
elapsed time: 49647 seconds (0d 13h 47m 27s)

